Nov 1, 2012 9:12:55 AM org.apache.solr.core.SolrResourceLoader locateSolrHome
INFO: JNDI not configured for solr (NoInitialContextEx)
Nov 1, 2012 9:12:55 AM org.apache.solr.core.SolrResourceLoader locateSolrHome
INFO: using system property solr.solr.home: /home/thonguyen/working/devise2/solr
Nov 1, 2012 9:12:55 AM org.apache.solr.core.SolrResourceLoader <init>
INFO: Solr home set to '/home/thonguyen/working/devise2/solr/'
Nov 1, 2012 9:12:55 AM org.apache.solr.servlet.SolrDispatchFilter init
INFO: SolrDispatchFilter.init()
Nov 1, 2012 9:12:55 AM org.apache.solr.core.SolrResourceLoader locateSolrHome
INFO: JNDI not configured for solr (NoInitialContextEx)
Nov 1, 2012 9:12:55 AM org.apache.solr.core.SolrResourceLoader locateSolrHome
INFO: using system property solr.solr.home: /home/thonguyen/working/devise2/solr
Nov 1, 2012 9:12:55 AM org.apache.solr.core.CoreContainer$Initializer initialize
INFO: looking for solr.xml: /home/thonguyen/working/devise2/solr/solr.xml
Nov 1, 2012 9:12:55 AM org.apache.solr.core.SolrResourceLoader <init>
INFO: Solr home set to '/home/thonguyen/working/devise2/solr/'
Nov 1, 2012 9:12:55 AM org.apache.solr.core.SolrConfig initLibs
INFO: Adding specified lib dirs to ClassLoader
Nov 1, 2012 9:12:55 AM org.apache.solr.core.SolrConfig <init>
INFO: Loaded SolrConfig: solrconfig.xml
Nov 1, 2012 9:12:55 AM org.apache.solr.core.SolrCore <init>
INFO: Opening new SolrCore at /home/thonguyen/working/devise2/solr/, dataDir=/home/thonguyen/working/devise2/solr/data/development/
Nov 1, 2012 9:12:55 AM org.apache.solr.schema.IndexSchema readSchema
INFO: Reading Solr Schema
Nov 1, 2012 9:12:55 AM org.apache.solr.schema.IndexSchema readSchema
INFO: Schema name=sunspot
Nov 1, 2012 9:12:55 AM org.apache.solr.util.plugin.AbstractPluginLoader load
INFO: created string: org.apache.solr.schema.StrField
Nov 1, 2012 9:12:55 AM org.apache.solr.util.plugin.AbstractPluginLoader load
INFO: created tdouble: org.apache.solr.schema.TrieDoubleField
Nov 1, 2012 9:12:55 AM org.apache.solr.util.plugin.AbstractPluginLoader load
INFO: created rand: org.apache.solr.schema.RandomSortField
Nov 1, 2012 9:12:55 AM org.apache.solr.util.plugin.AbstractPluginLoader load
INFO: created null: org.apache.solr.analysis.WhitespaceTokenizerFactory
Nov 1, 2012 9:12:55 AM org.apache.solr.util.plugin.AbstractPluginLoader load
INFO: created null: org.apache.solr.analysis.LowerCaseFilterFactory
Nov 1, 2012 9:12:55 AM org.apache.solr.util.plugin.AbstractPluginLoader load
INFO: created null: org.apache.solr.analysis.WhitespaceTokenizerFactory
Nov 1, 2012 9:12:55 AM org.apache.solr.util.plugin.AbstractPluginLoader load
INFO: created null: org.apache.solr.analysis.LowerCaseFilterFactory
Nov 1, 2012 9:12:55 AM org.apache.solr.util.plugin.AbstractPluginLoader load
INFO: created null: org.apache.solr.analysis.EdgeNGramFilterFactory
Nov 1, 2012 9:12:55 AM org.apache.solr.util.plugin.AbstractPluginLoader load
INFO: created null: org.apache.solr.analysis.NGramFilterFactory
Nov 1, 2012 9:12:55 AM org.apache.solr.util.plugin.AbstractPluginLoader load
INFO: created text: org.apache.solr.schema.TextField
Nov 1, 2012 9:12:55 AM org.apache.solr.util.plugin.AbstractPluginLoader load
INFO: created boolean: org.apache.solr.schema.BoolField
Nov 1, 2012 9:12:55 AM org.apache.solr.util.plugin.AbstractPluginLoader load
INFO: created date: org.apache.solr.schema.DateField
Nov 1, 2012 9:12:55 AM org.apache.solr.util.plugin.AbstractPluginLoader load
INFO: created sdouble: org.apache.solr.schema.SortableDoubleField
Nov 1, 2012 9:12:55 AM org.apache.solr.util.plugin.AbstractPluginLoader load
INFO: created sfloat: org.apache.solr.schema.SortableFloatField
Nov 1, 2012 9:12:55 AM org.apache.solr.util.plugin.AbstractPluginLoader load
INFO: created sint: org.apache.solr.schema.SortableIntField
Nov 1, 2012 9:12:55 AM org.apache.solr.util.plugin.AbstractPluginLoader load
INFO: created slong: org.apache.solr.schema.SortableLongField
Nov 1, 2012 9:12:55 AM org.apache.solr.util.plugin.AbstractPluginLoader load
INFO: created tint: org.apache.solr.schema.TrieIntField
Nov 1, 2012 9:12:55 AM org.apache.solr.util.plugin.AbstractPluginLoader load
INFO: created tfloat: org.apache.solr.schema.TrieFloatField
Nov 1, 2012 9:12:55 AM org.apache.solr.util.plugin.AbstractPluginLoader load
INFO: created tdate: org.apache.solr.schema.TrieDateField
Nov 1, 2012 9:12:55 AM org.apache.solr.schema.IndexSchema readSchema
INFO: default search field is text
Nov 1, 2012 9:12:55 AM org.apache.solr.schema.IndexSchema readSchema
INFO: query parser default operator is AND
Nov 1, 2012 9:12:55 AM org.apache.solr.schema.IndexSchema readSchema
INFO: unique key field: id
Nov 1, 2012 9:12:55 AM org.apache.solr.core.JmxMonitoredMap <init>
INFO: No JMX servers found, not exposing Solr information with JMX.
Nov 1, 2012 9:12:55 AM org.apache.solr.core.SolrCore initListeners
INFO: Added SolrEventListener: org.apache.solr.core.QuerySenderListener{queries=[]}
Nov 1, 2012 9:12:55 AM org.apache.solr.core.SolrCore initListeners
INFO: Added SolrEventListener: org.apache.solr.core.QuerySenderListener{queries=[{q=solr rocks,start=0,rows=10}, {q=static firstSearcher warming query from solrconfig.xml}]}
Nov 1, 2012 9:12:55 AM org.apache.solr.request.XSLTResponseWriter init
INFO: xsltCacheLifetimeSeconds=5
Nov 1, 2012 9:12:55 AM org.apache.solr.core.RequestHandlers initHandlersFromConfig
INFO: created standard: solr.SearchHandler
Nov 1, 2012 9:12:55 AM org.apache.solr.core.RequestHandlers initHandlersFromConfig
INFO: created dismax: solr.SearchHandler
Nov 1, 2012 9:12:55 AM org.apache.solr.core.RequestHandlers initHandlersFromConfig
INFO: created partitioned: solr.SearchHandler
Nov 1, 2012 9:12:55 AM org.apache.solr.core.RequestHandlers initHandlersFromConfig
INFO: created /spell: solr.SearchHandler
Nov 1, 2012 9:12:55 AM org.apache.solr.core.RequestHandlers initHandlersFromConfig
INFO: created tvrh: org.apache.solr.handler.component.SearchHandler
Nov 1, 2012 9:12:55 AM org.apache.solr.core.RequestHandlers initHandlersFromConfig
INFO: adding lazy requestHandler: org.apache.solr.handler.extraction.ExtractingRequestHandler
Nov 1, 2012 9:12:55 AM org.apache.solr.core.RequestHandlers initHandlersFromConfig
INFO: created /update/extract: org.apache.solr.handler.extraction.ExtractingRequestHandler
Nov 1, 2012 9:12:55 AM org.apache.solr.core.RequestHandlers initHandlersFromConfig
INFO: created /terms: org.apache.solr.handler.component.SearchHandler
Nov 1, 2012 9:12:55 AM org.apache.solr.core.RequestHandlers initHandlersFromConfig
INFO: adding lazy requestHandler: solr.SearchHandler
Nov 1, 2012 9:12:55 AM org.apache.solr.core.RequestHandlers initHandlersFromConfig
INFO: created /elevate: solr.SearchHandler
Nov 1, 2012 9:12:55 AM org.apache.solr.core.RequestHandlers initHandlersFromConfig
INFO: created /update: solr.XmlUpdateRequestHandler
Nov 1, 2012 9:12:55 AM org.apache.solr.core.RequestHandlers initHandlersFromConfig
INFO: created /update/javabin: solr.BinaryUpdateRequestHandler
Nov 1, 2012 9:12:55 AM org.apache.solr.core.RequestHandlers initHandlersFromConfig
INFO: created /analysis/document: solr.DocumentAnalysisRequestHandler
Nov 1, 2012 9:12:55 AM org.apache.solr.core.RequestHandlers initHandlersFromConfig
INFO: created /analysis/field: solr.FieldAnalysisRequestHandler
Nov 1, 2012 9:12:55 AM org.apache.solr.core.RequestHandlers initHandlersFromConfig
INFO: adding lazy requestHandler: solr.CSVRequestHandler
Nov 1, 2012 9:12:55 AM org.apache.solr.core.RequestHandlers initHandlersFromConfig
INFO: created /update/csv: solr.CSVRequestHandler
Nov 1, 2012 9:12:55 AM org.apache.solr.core.RequestHandlers initHandlersFromConfig
INFO: created /admin/: org.apache.solr.handler.admin.AdminHandlers
Nov 1, 2012 9:12:55 AM org.apache.solr.core.RequestHandlers initHandlersFromConfig
INFO: created /admin/ping: PingRequestHandler
Nov 1, 2012 9:12:55 AM org.apache.solr.core.RequestHandlers initHandlersFromConfig
INFO: created /debug/dump: solr.DumpRequestHandler
Nov 1, 2012 9:12:55 AM org.apache.solr.core.RequestHandlers initHandlersFromConfig
INFO: created /mlt: solr.MoreLikeThisHandler
Nov 1, 2012 9:12:56 AM org.apache.solr.search.SolrIndexSearcher <init>
INFO: Opening Searcher@3d7dc1cb main
Nov 1, 2012 9:12:56 AM org.apache.solr.update.DirectUpdateHandler2$CommitTracker <init>
INFO: AutoCommit: disabled
Nov 1, 2012 9:12:56 AM org.apache.solr.handler.component.SpellCheckComponent inform
INFO: Initializing spell checkers
Nov 1, 2012 9:12:56 AM org.apache.solr.spelling.AbstractLuceneSpellChecker init
INFO: Using WhitespaceAnalzyer for dictionary: default
Nov 1, 2012 9:12:56 AM org.apache.solr.handler.component.SpellCheckComponent inform
WARNING: No queryConverter defined, using default converter
Nov 1, 2012 9:12:56 AM org.apache.solr.handler.component.QueryElevationComponent inform
INFO: Loading QueryElevation from: /home/thonguyen/working/devise2/solr/conf/elevate.xml
Nov 1, 2012 9:12:56 AM org.apache.solr.handler.component.SearchHandler inform
INFO: Adding  component:org.apache.solr.handler.component.QueryComponent@20d9896e
Nov 1, 2012 9:12:56 AM org.apache.solr.handler.component.SearchHandler inform
INFO: Adding  component:org.apache.solr.handler.component.FacetComponent@29cda59b
Nov 1, 2012 9:12:56 AM org.apache.solr.handler.component.SearchHandler inform
INFO: Adding  component:org.apache.solr.handler.component.MoreLikeThisComponent@7c33788d
Nov 1, 2012 9:12:56 AM org.apache.solr.handler.component.SearchHandler inform
INFO: Adding  component:org.apache.solr.handler.component.HighlightComponent@172fb0af
Nov 1, 2012 9:12:56 AM org.apache.solr.handler.component.SearchHandler inform
INFO: Adding  component:org.apache.solr.handler.component.StatsComponent@3bf8bd0d
Nov 1, 2012 9:12:56 AM org.apache.solr.handler.component.SearchHandler inform
INFO: Adding  debug component:org.apache.solr.handler.component.DebugComponent@4743bf3d
Nov 1, 2012 9:12:56 AM org.apache.solr.handler.component.SearchHandler inform
INFO: Adding  component:org.apache.solr.handler.component.QueryComponent@20d9896e
Nov 1, 2012 9:12:56 AM org.apache.solr.handler.component.SearchHandler inform
INFO: Adding  component:org.apache.solr.handler.component.FacetComponent@29cda59b
Nov 1, 2012 9:12:56 AM org.apache.solr.handler.component.SearchHandler inform
INFO: Adding  component:org.apache.solr.handler.component.MoreLikeThisComponent@7c33788d
Nov 1, 2012 9:12:56 AM org.apache.solr.handler.component.SearchHandler inform
INFO: Adding  component:org.apache.solr.handler.component.HighlightComponent@172fb0af
Nov 1, 2012 9:12:56 AM org.apache.solr.handler.component.SearchHandler inform
INFO: Adding  component:org.apache.solr.handler.component.StatsComponent@3bf8bd0d
Nov 1, 2012 9:12:56 AM org.apache.solr.handler.component.SearchHandler inform
INFO: Adding  debug component:org.apache.solr.handler.component.DebugComponent@4743bf3d
Nov 1, 2012 9:12:56 AM org.apache.solr.handler.component.SearchHandler inform
INFO: Adding  component:org.apache.solr.handler.component.QueryComponent@20d9896e
Nov 1, 2012 9:12:56 AM org.apache.solr.handler.component.SearchHandler inform
INFO: Adding  component:org.apache.solr.handler.component.FacetComponent@29cda59b
Nov 1, 2012 9:12:56 AM org.apache.solr.handler.component.SearchHandler inform
INFO: Adding  component:org.apache.solr.handler.component.MoreLikeThisComponent@7c33788d
Nov 1, 2012 9:12:56 AM org.apache.solr.handler.component.SearchHandler inform
INFO: Adding  component:org.apache.solr.handler.component.HighlightComponent@172fb0af
Nov 1, 2012 9:12:56 AM org.apache.solr.handler.component.SearchHandler inform
INFO: Adding  component:org.apache.solr.handler.component.StatsComponent@3bf8bd0d
Nov 1, 2012 9:12:56 AM org.apache.solr.handler.component.SearchHandler inform
INFO: Adding  debug component:org.apache.solr.handler.component.DebugComponent@4743bf3d
Nov 1, 2012 9:12:56 AM org.apache.solr.handler.component.SearchHandler inform
INFO: Adding  component:org.apache.solr.handler.component.QueryComponent@20d9896e
Nov 1, 2012 9:12:56 AM org.apache.solr.handler.component.SearchHandler inform
INFO: Adding  component:org.apache.solr.handler.component.FacetComponent@29cda59b
Nov 1, 2012 9:12:56 AM org.apache.solr.handler.component.SearchHandler inform
INFO: Adding  component:org.apache.solr.handler.component.MoreLikeThisComponent@7c33788d
Nov 1, 2012 9:12:56 AM org.apache.solr.handler.component.SearchHandler inform
INFO: Adding  component:org.apache.solr.handler.component.HighlightComponent@172fb0af
Nov 1, 2012 9:12:56 AM org.apache.solr.handler.component.SearchHandler inform
INFO: Adding  component:org.apache.solr.handler.component.StatsComponent@3bf8bd0d
Nov 1, 2012 9:12:56 AM org.apache.solr.handler.component.SearchHandler inform
INFO: Adding  component:org.apache.solr.handler.component.SpellCheckComponent@30c06258
Nov 1, 2012 9:12:56 AM org.apache.solr.handler.component.SearchHandler inform
INFO: Adding  debug component:org.apache.solr.handler.component.DebugComponent@4743bf3d
Nov 1, 2012 9:12:56 AM org.apache.solr.handler.component.SearchHandler inform
INFO: Adding  component:org.apache.solr.handler.component.QueryComponent@20d9896e
Nov 1, 2012 9:12:56 AM org.apache.solr.handler.component.SearchHandler inform
INFO: Adding  component:org.apache.solr.handler.component.FacetComponent@29cda59b
Nov 1, 2012 9:12:56 AM org.apache.solr.handler.component.SearchHandler inform
INFO: Adding  component:org.apache.solr.handler.component.MoreLikeThisComponent@7c33788d
Nov 1, 2012 9:12:56 AM org.apache.solr.handler.component.SearchHandler inform
INFO: Adding  component:org.apache.solr.handler.component.HighlightComponent@172fb0af
Nov 1, 2012 9:12:56 AM org.apache.solr.handler.component.SearchHandler inform
INFO: Adding  component:org.apache.solr.handler.component.StatsComponent@3bf8bd0d
Nov 1, 2012 9:12:56 AM org.apache.solr.handler.component.SearchHandler inform
INFO: Adding  component:org.apache.solr.handler.component.TermVectorComponent@26789869
Nov 1, 2012 9:12:56 AM org.apache.solr.handler.component.SearchHandler inform
INFO: Adding  debug component:org.apache.solr.handler.component.DebugComponent@4743bf3d
Nov 1, 2012 9:12:56 AM org.apache.solr.handler.component.SearchHandler inform
INFO: Adding  component:org.apache.solr.handler.component.TermsComponent@375e293a
Nov 1, 2012 9:12:56 AM org.apache.solr.core.QuerySenderListener newSearcher
INFO: QuerySenderListener sending requests to Searcher@3d7dc1cb main
Nov 1, 2012 9:12:56 AM org.apache.solr.core.CoreContainer register
INFO: registering core: 
Nov 1, 2012 9:12:56 AM org.apache.solr.servlet.SolrDispatchFilter init
INFO: user.dir=/home/thonguyen/.rvm/gems/ruby-1.9.3-p286@rails328/gems/sunspot_solr-1.3.3/solr
Nov 1, 2012 9:12:56 AM org.apache.solr.servlet.SolrDispatchFilter init
INFO: SolrDispatchFilter.init() done
Nov 1, 2012 9:12:56 AM org.apache.solr.core.SolrCore execute
INFO: [] webapp=null path=null params={start=0&event=firstSearcher&q=solr+rocks&rows=10} hits=0 status=0 QTime=28 
Nov 1, 2012 9:12:56 AM org.apache.solr.core.SolrCore execute
INFO: [] webapp=null path=null params={event=firstSearcher&q=static+firstSearcher+warming+query+from+solrconfig.xml} hits=0 status=0 QTime=1 
Nov 1, 2012 9:12:56 AM org.apache.solr.core.QuerySenderListener newSearcher
INFO: QuerySenderListener done.
Nov 1, 2012 9:12:56 AM org.apache.solr.handler.component.SpellCheckComponent$SpellCheckerListener newSearcher
INFO: Loading spell index for spellchecker: default
Nov 1, 2012 9:12:56 AM org.apache.solr.core.SolrCore registerSearcher
INFO: [] Registered new searcher Searcher@3d7dc1cb main
Nov 1, 2012 9:12:56 AM org.apache.solr.servlet.SolrServlet init
INFO: SolrServlet.init()
Nov 1, 2012 9:12:56 AM org.apache.solr.core.SolrResourceLoader locateSolrHome
INFO: JNDI not configured for solr (NoInitialContextEx)
Nov 1, 2012 9:12:56 AM org.apache.solr.core.SolrResourceLoader locateSolrHome
INFO: using system property solr.solr.home: /home/thonguyen/working/devise2/solr
Nov 1, 2012 9:12:56 AM org.apache.solr.servlet.SolrServlet init
INFO: SolrServlet.init() done
Nov 1, 2012 9:12:56 AM org.apache.solr.core.SolrResourceLoader locateSolrHome
INFO: JNDI not configured for solr (NoInitialContextEx)
Nov 1, 2012 9:12:56 AM org.apache.solr.core.SolrResourceLoader locateSolrHome
INFO: using system property solr.solr.home: /home/thonguyen/working/devise2/solr
Nov 1, 2012 9:12:56 AM org.apache.solr.servlet.SolrUpdateServlet init
INFO: SolrUpdateServlet.init() done
Nov 1, 2012 9:13:08 AM org.apache.solr.core.SolrDeletionPolicy onInit
INFO: SolrDeletionPolicy.onInit: commits:num=1
	commit{dir=/home/thonguyen/working/devise2/solr/data/development/index,segFN=segments_1g,version=1351131942759,generation=52,filenames=[_1f.tii, _1g.tis, _1h.fnm, _1f.fnm, _1j.fdt, _1j.prx, _1j.fdx, _1i.fdt, _1f.frq, _1e.frq, _1f.fdx, _1i.nrm, _1i.fdx, _1e.fnm, _1g.fdt, _1i.fnm, _1h.prx, _1g.nrm, _1i.frq, _1i.prx, _1g.tii, _1h.frq, _1h.fdx, _1f.tis, _1g.fdx, _1j.frq, _1h.tii, _1h.fdt, _1e.tis, segments_1g, _1h.nrm, _1g_1.del, _1i.tii, _1g.prx, _1g.frq, _1j.tii, _1g.fnm, _1j.fnm, _1e.prx, _1e.fdx, _1j.tis, _1f.fdt, _1e.fdt, _1e_1.del, _1f.prx, _1e.nrm, _1f.nrm, _1e.tii, _1i.tis, _1j.nrm, _1h.tis]
Nov 1, 2012 9:13:08 AM org.apache.solr.core.SolrDeletionPolicy updateCommits
INFO: newest commit = 1351131942759
Nov 1, 2012 9:13:08 AM org.apache.solr.update.processor.LogUpdateProcessor finish
INFO: {add=[Product 4]} 0 98
Nov 1, 2012 9:13:08 AM org.apache.solr.core.SolrCore execute
INFO: [] webapp=/solr path=/update params={wt=ruby} status=0 QTime=98 
Nov 1, 2012 9:13:18 AM org.apache.solr.core.SolrCore execute
INFO: [] webapp=/solr path=/select params={facet=true&start=0&q=*:*&f.publish_month_s.facet.mincount=1&facet.field=publish_month_s&wt=ruby&fq=type:Product&rows=30} hits=7 status=0 QTime=68 
Nov 1, 2012 9:13:38 AM org.apache.solr.update.processor.LogUpdateProcessor finish
INFO: {add=[Product 5]} 0 2
Nov 1, 2012 9:13:38 AM org.apache.solr.core.SolrCore execute
INFO: [] webapp=/solr path=/update params={wt=ruby} status=0 QTime=2 
Nov 1, 2012 9:14:16 AM org.apache.solr.update.processor.LogUpdateProcessor finish
INFO: {add=[Product 6]} 0 4
Nov 1, 2012 9:14:16 AM org.apache.solr.core.SolrCore execute
INFO: [] webapp=/solr path=/update params={wt=ruby} status=0 QTime=4 
Nov 1, 2012 9:17:22 AM org.apache.solr.update.processor.LogUpdateProcessor finish
INFO: {add=[Product 7]} 0 2
Nov 1, 2012 9:17:22 AM org.apache.solr.core.SolrCore execute
INFO: [] webapp=/solr path=/update params={wt=ruby} status=0 QTime=2 
Nov 1, 2012 9:20:05 AM org.apache.solr.update.processor.LogUpdateProcessor finish
INFO: {add=[Product 8]} 0 3
Nov 1, 2012 9:20:05 AM org.apache.solr.core.SolrCore execute
INFO: [] webapp=/solr path=/update params={wt=ruby} status=0 QTime=3 
Nov 1, 2012 9:21:28 AM org.apache.solr.update.processor.LogUpdateProcessor finish
INFO: {add=[Product 9]} 0 1
Nov 1, 2012 9:21:28 AM org.apache.solr.core.SolrCore execute
INFO: [] webapp=/solr path=/update params={wt=ruby} status=0 QTime=1 
Nov 1, 2012 9:22:11 AM org.apache.solr.update.processor.LogUpdateProcessor finish
INFO: {add=[Product 10]} 0 3
Nov 1, 2012 9:22:11 AM org.apache.solr.core.SolrCore execute
INFO: [] webapp=/solr path=/update params={wt=ruby} status=0 QTime=3 
Nov 1, 2012 9:23:01 AM org.apache.solr.update.processor.LogUpdateProcessor finish
INFO: {add=[Product 11]} 0 3
Nov 1, 2012 9:23:01 AM org.apache.solr.core.SolrCore execute
INFO: [] webapp=/solr path=/update params={wt=ruby} status=0 QTime=3 
Nov 1, 2012 9:24:19 AM org.apache.solr.update.processor.LogUpdateProcessor finish
INFO: {add=[Product 12]} 0 2
Nov 1, 2012 9:24:19 AM org.apache.solr.core.SolrCore execute
INFO: [] webapp=/solr path=/update params={wt=ruby} status=0 QTime=2 
Nov 1, 2012 9:24:19 AM org.apache.solr.update.processor.LogUpdateProcessor finish
INFO: {add=[Product 13]} 0 2
Nov 1, 2012 9:24:19 AM org.apache.solr.core.SolrCore execute
INFO: [] webapp=/solr path=/update params={wt=ruby} status=0 QTime=2 
Nov 1, 2012 9:24:19 AM org.apache.solr.update.processor.LogUpdateProcessor finish
INFO: {add=[Product 14]} 0 1
Nov 1, 2012 9:24:19 AM org.apache.solr.core.SolrCore execute
INFO: [] webapp=/solr path=/update params={wt=ruby} status=0 QTime=1 
Nov 1, 2012 9:24:19 AM org.apache.solr.update.processor.LogUpdateProcessor finish
INFO: {add=[Product 15]} 0 2
Nov 1, 2012 9:24:19 AM org.apache.solr.core.SolrCore execute
INFO: [] webapp=/solr path=/update params={wt=ruby} status=0 QTime=2 
Nov 1, 2012 9:24:19 AM org.apache.solr.update.processor.LogUpdateProcessor finish
INFO: {add=[Product 16]} 0 2
Nov 1, 2012 9:24:19 AM org.apache.solr.core.SolrCore execute
INFO: [] webapp=/solr path=/update params={wt=ruby} status=0 QTime=2 
Nov 1, 2012 9:24:19 AM org.apache.solr.update.processor.LogUpdateProcessor finish
INFO: {add=[Product 17]} 0 2
Nov 1, 2012 9:24:19 AM org.apache.solr.core.SolrCore execute
INFO: [] webapp=/solr path=/update params={wt=ruby} status=0 QTime=2 
Nov 1, 2012 9:24:19 AM org.apache.solr.update.processor.LogUpdateProcessor finish
INFO: {add=[Product 18]} 0 1
Nov 1, 2012 9:24:19 AM org.apache.solr.core.SolrCore execute
INFO: [] webapp=/solr path=/update params={wt=ruby} status=0 QTime=1 
Nov 1, 2012 9:24:19 AM org.apache.solr.update.processor.LogUpdateProcessor finish
INFO: {add=[Product 19]} 0 2
Nov 1, 2012 9:24:19 AM org.apache.solr.core.SolrCore execute
INFO: [] webapp=/solr path=/update params={wt=ruby} status=0 QTime=2 
Nov 1, 2012 9:24:19 AM org.apache.solr.update.processor.LogUpdateProcessor finish
INFO: {add=[Product 20]} 0 2
Nov 1, 2012 9:24:19 AM org.apache.solr.core.SolrCore execute
INFO: [] webapp=/solr path=/update params={wt=ruby} status=0 QTime=2 
Nov 1, 2012 9:24:19 AM org.apache.solr.update.processor.LogUpdateProcessor finish
INFO: {add=[Product 21]} 0 2
Nov 1, 2012 9:24:19 AM org.apache.solr.core.SolrCore execute
INFO: [] webapp=/solr path=/update params={wt=ruby} status=0 QTime=2 
Nov 1, 2012 9:24:19 AM org.apache.solr.update.processor.LogUpdateProcessor finish
INFO: {add=[Product 22]} 0 2
Nov 1, 2012 9:24:19 AM org.apache.solr.core.SolrCore execute
INFO: [] webapp=/solr path=/update params={wt=ruby} status=0 QTime=2 
Nov 1, 2012 9:24:19 AM org.apache.solr.update.processor.LogUpdateProcessor finish
INFO: {add=[Product 23]} 0 2
Nov 1, 2012 9:24:19 AM org.apache.solr.core.SolrCore execute
INFO: [] webapp=/solr path=/update params={wt=ruby} status=0 QTime=2 
Nov 1, 2012 9:24:20 AM org.apache.solr.update.processor.LogUpdateProcessor finish
INFO: {add=[Product 24]} 0 1
Nov 1, 2012 9:24:20 AM org.apache.solr.core.SolrCore execute
INFO: [] webapp=/solr path=/update params={wt=ruby} status=0 QTime=1 
Nov 1, 2012 9:24:20 AM org.apache.solr.update.processor.LogUpdateProcessor finish
INFO: {add=[Product 25]} 0 2
Nov 1, 2012 9:24:20 AM org.apache.solr.core.SolrCore execute
INFO: [] webapp=/solr path=/update params={wt=ruby} status=0 QTime=2 
Nov 1, 2012 9:24:20 AM org.apache.solr.update.processor.LogUpdateProcessor finish
INFO: {add=[Product 26]} 0 2
Nov 1, 2012 9:24:20 AM org.apache.solr.core.SolrCore execute
INFO: [] webapp=/solr path=/update params={wt=ruby} status=0 QTime=2 
Nov 1, 2012 9:24:20 AM org.apache.solr.update.processor.LogUpdateProcessor finish
INFO: {add=[Product 27]} 0 2
Nov 1, 2012 9:24:20 AM org.apache.solr.core.SolrCore execute
INFO: [] webapp=/solr path=/update params={wt=ruby} status=0 QTime=2 
Nov 1, 2012 9:24:20 AM org.apache.solr.update.processor.LogUpdateProcessor finish
INFO: {add=[Product 28]} 0 1
Nov 1, 2012 9:24:20 AM org.apache.solr.core.SolrCore execute
INFO: [] webapp=/solr path=/update params={wt=ruby} status=0 QTime=1 
Nov 1, 2012 9:24:20 AM org.apache.solr.update.processor.LogUpdateProcessor finish
INFO: {add=[Product 29]} 0 1
Nov 1, 2012 9:24:20 AM org.apache.solr.core.SolrCore execute
INFO: [] webapp=/solr path=/update params={wt=ruby} status=0 QTime=1 
Nov 1, 2012 9:24:20 AM org.apache.solr.update.processor.LogUpdateProcessor finish
INFO: {add=[Product 30]} 0 1
Nov 1, 2012 9:24:20 AM org.apache.solr.core.SolrCore execute
INFO: [] webapp=/solr path=/update params={wt=ruby} status=0 QTime=1 
Nov 1, 2012 9:24:20 AM org.apache.solr.update.processor.LogUpdateProcessor finish
INFO: {add=[Product 31]} 0 1
Nov 1, 2012 9:24:20 AM org.apache.solr.core.SolrCore execute
INFO: [] webapp=/solr path=/update params={wt=ruby} status=0 QTime=1 
Nov 1, 2012 9:24:20 AM org.apache.solr.update.processor.LogUpdateProcessor finish
INFO: {add=[Product 32]} 0 1
Nov 1, 2012 9:24:20 AM org.apache.solr.core.SolrCore execute
INFO: [] webapp=/solr path=/update params={wt=ruby} status=0 QTime=1 
Nov 1, 2012 9:24:20 AM org.apache.solr.update.processor.LogUpdateProcessor finish
INFO: {add=[Product 33]} 0 1
Nov 1, 2012 9:24:20 AM org.apache.solr.core.SolrCore execute
INFO: [] webapp=/solr path=/update params={wt=ruby} status=0 QTime=1 
Nov 1, 2012 9:24:20 AM org.apache.solr.update.processor.LogUpdateProcessor finish
INFO: {add=[Product 34]} 0 1
Nov 1, 2012 9:24:20 AM org.apache.solr.core.SolrCore execute
INFO: [] webapp=/solr path=/update params={wt=ruby} status=0 QTime=1 
Nov 1, 2012 9:24:20 AM org.apache.solr.update.processor.LogUpdateProcessor finish
INFO: {add=[Product 35]} 0 1
Nov 1, 2012 9:24:20 AM org.apache.solr.core.SolrCore execute
INFO: [] webapp=/solr path=/update params={wt=ruby} status=0 QTime=1 
Nov 1, 2012 9:24:20 AM org.apache.solr.update.processor.LogUpdateProcessor finish
INFO: {add=[Product 36]} 0 1
Nov 1, 2012 9:24:20 AM org.apache.solr.core.SolrCore execute
INFO: [] webapp=/solr path=/update params={wt=ruby} status=0 QTime=1 
Nov 1, 2012 9:24:20 AM org.apache.solr.update.processor.LogUpdateProcessor finish
INFO: {add=[Product 37]} 0 1
Nov 1, 2012 9:24:20 AM org.apache.solr.core.SolrCore execute
INFO: [] webapp=/solr path=/update params={wt=ruby} status=0 QTime=1 
Nov 1, 2012 9:24:20 AM org.apache.solr.update.processor.LogUpdateProcessor finish
INFO: {add=[Product 38]} 0 1
Nov 1, 2012 9:24:20 AM org.apache.solr.core.SolrCore execute
INFO: [] webapp=/solr path=/update params={wt=ruby} status=0 QTime=1 
Nov 1, 2012 9:24:20 AM org.apache.solr.update.processor.LogUpdateProcessor finish
INFO: {add=[Product 39]} 0 1
Nov 1, 2012 9:24:20 AM org.apache.solr.core.SolrCore execute
INFO: [] webapp=/solr path=/update params={wt=ruby} status=0 QTime=1 
Nov 1, 2012 9:24:20 AM org.apache.solr.update.processor.LogUpdateProcessor finish
INFO: {add=[Product 40]} 0 1
Nov 1, 2012 9:24:20 AM org.apache.solr.core.SolrCore execute
INFO: [] webapp=/solr path=/update params={wt=ruby} status=0 QTime=1 
Nov 1, 2012 9:24:20 AM org.apache.solr.update.processor.LogUpdateProcessor finish
INFO: {add=[Product 41]} 0 0
Nov 1, 2012 9:24:20 AM org.apache.solr.core.SolrCore execute
INFO: [] webapp=/solr path=/update params={wt=ruby} status=0 QTime=0 
Nov 1, 2012 9:24:20 AM org.apache.solr.update.processor.LogUpdateProcessor finish
INFO: {add=[Product 42]} 0 1
Nov 1, 2012 9:24:20 AM org.apache.solr.core.SolrCore execute
INFO: [] webapp=/solr path=/update params={wt=ruby} status=0 QTime=1 
Nov 1, 2012 9:24:21 AM org.apache.solr.update.processor.LogUpdateProcessor finish
INFO: {add=[Product 43]} 0 1
Nov 1, 2012 9:24:21 AM org.apache.solr.core.SolrCore execute
INFO: [] webapp=/solr path=/update params={wt=ruby} status=0 QTime=1 
Nov 1, 2012 9:24:21 AM org.apache.solr.update.processor.LogUpdateProcessor finish
INFO: {add=[Product 44]} 0 1
Nov 1, 2012 9:24:21 AM org.apache.solr.core.SolrCore execute
INFO: [] webapp=/solr path=/update params={wt=ruby} status=0 QTime=1 
Nov 1, 2012 9:24:21 AM org.apache.solr.update.processor.LogUpdateProcessor finish
INFO: {add=[Product 45]} 0 1
Nov 1, 2012 9:24:21 AM org.apache.solr.core.SolrCore execute
INFO: [] webapp=/solr path=/update params={wt=ruby} status=0 QTime=1 
Nov 1, 2012 9:24:21 AM org.apache.solr.update.processor.LogUpdateProcessor finish
INFO: {add=[Product 46]} 0 2
Nov 1, 2012 9:24:21 AM org.apache.solr.core.SolrCore execute
INFO: [] webapp=/solr path=/update params={wt=ruby} status=0 QTime=2 
Nov 1, 2012 9:24:21 AM org.apache.solr.update.processor.LogUpdateProcessor finish
INFO: {add=[Product 47]} 0 1
Nov 1, 2012 9:24:21 AM org.apache.solr.core.SolrCore execute
INFO: [] webapp=/solr path=/update params={wt=ruby} status=0 QTime=1 
Nov 1, 2012 9:24:21 AM org.apache.solr.update.processor.LogUpdateProcessor finish
INFO: {add=[Product 48]} 0 1
Nov 1, 2012 9:24:21 AM org.apache.solr.core.SolrCore execute
INFO: [] webapp=/solr path=/update params={wt=ruby} status=0 QTime=1 
Nov 1, 2012 9:24:21 AM org.apache.solr.update.processor.LogUpdateProcessor finish
INFO: {add=[Product 49]} 0 1
Nov 1, 2012 9:24:21 AM org.apache.solr.core.SolrCore execute
INFO: [] webapp=/solr path=/update params={wt=ruby} status=0 QTime=1 
Nov 1, 2012 9:24:21 AM org.apache.solr.update.processor.LogUpdateProcessor finish
INFO: {add=[Product 50]} 0 0
Nov 1, 2012 9:24:21 AM org.apache.solr.core.SolrCore execute
INFO: [] webapp=/solr path=/update params={wt=ruby} status=0 QTime=0 
Nov 1, 2012 9:24:21 AM org.apache.solr.update.processor.LogUpdateProcessor finish
INFO: {add=[Product 51]} 0 1
Nov 1, 2012 9:24:21 AM org.apache.solr.core.SolrCore execute
INFO: [] webapp=/solr path=/update params={wt=ruby} status=0 QTime=1 
Nov 1, 2012 9:24:21 AM org.apache.solr.update.processor.LogUpdateProcessor finish
INFO: {add=[Product 52]} 0 1
Nov 1, 2012 9:24:21 AM org.apache.solr.core.SolrCore execute
INFO: [] webapp=/solr path=/update params={wt=ruby} status=0 QTime=1 
Nov 1, 2012 9:24:21 AM org.apache.solr.update.processor.LogUpdateProcessor finish
INFO: {add=[Product 53]} 0 1
Nov 1, 2012 9:24:21 AM org.apache.solr.core.SolrCore execute
INFO: [] webapp=/solr path=/update params={wt=ruby} status=0 QTime=1 
Nov 1, 2012 9:24:21 AM org.apache.solr.update.processor.LogUpdateProcessor finish
INFO: {add=[Product 54]} 0 1
Nov 1, 2012 9:24:21 AM org.apache.solr.core.SolrCore execute
INFO: [] webapp=/solr path=/update params={wt=ruby} status=0 QTime=1 
Nov 1, 2012 9:24:21 AM org.apache.solr.update.processor.LogUpdateProcessor finish
INFO: {add=[Product 55]} 0 1
Nov 1, 2012 9:24:21 AM org.apache.solr.core.SolrCore execute
INFO: [] webapp=/solr path=/update params={wt=ruby} status=0 QTime=1 
Nov 1, 2012 9:24:21 AM org.apache.solr.update.processor.LogUpdateProcessor finish
INFO: {add=[Product 56]} 0 1
Nov 1, 2012 9:24:21 AM org.apache.solr.core.SolrCore execute
INFO: [] webapp=/solr path=/update params={wt=ruby} status=0 QTime=1 
Nov 1, 2012 9:24:21 AM org.apache.solr.update.processor.LogUpdateProcessor finish
INFO: {add=[Product 57]} 0 1
Nov 1, 2012 9:24:21 AM org.apache.solr.core.SolrCore execute
INFO: [] webapp=/solr path=/update params={wt=ruby} status=0 QTime=1 
Nov 1, 2012 9:24:21 AM org.apache.solr.update.processor.LogUpdateProcessor finish
INFO: {add=[Product 58]} 0 1
Nov 1, 2012 9:24:21 AM org.apache.solr.core.SolrCore execute
INFO: [] webapp=/solr path=/update params={wt=ruby} status=0 QTime=1 
Nov 1, 2012 9:24:21 AM org.apache.solr.update.processor.LogUpdateProcessor finish
INFO: {add=[Product 59]} 0 1
Nov 1, 2012 9:24:21 AM org.apache.solr.core.SolrCore execute
INFO: [] webapp=/solr path=/update params={wt=ruby} status=0 QTime=1 
Nov 1, 2012 9:24:21 AM org.apache.solr.update.processor.LogUpdateProcessor finish
INFO: {add=[Product 60]} 0 0
Nov 1, 2012 9:24:21 AM org.apache.solr.core.SolrCore execute
INFO: [] webapp=/solr path=/update params={wt=ruby} status=0 QTime=0 
Nov 1, 2012 9:24:21 AM org.apache.solr.update.processor.LogUpdateProcessor finish
INFO: {add=[Product 61]} 0 1
Nov 1, 2012 9:24:21 AM org.apache.solr.core.SolrCore execute
INFO: [] webapp=/solr path=/update params={wt=ruby} status=0 QTime=1 
Nov 1, 2012 9:24:25 AM org.apache.solr.core.SolrCore execute
INFO: [] webapp=/solr path=/select params={facet=true&start=0&q=*:*&f.publish_month_s.facet.mincount=1&facet.field=publish_month_s&wt=ruby&fq=type:Product&rows=30} hits=7 status=0 QTime=2 
Nov 1, 2012 9:25:18 AM org.apache.solr.core.SolrCore execute
INFO: [] webapp=/solr path=/select params={facet=true&start=0&q=*:*&f.publish_month_s.facet.mincount=1&facet.field=publish_month_s&wt=ruby&fq=type:Product&rows=30} hits=7 status=0 QTime=1 
Nov 1, 2012 9:26:22 AM org.apache.solr.update.processor.LogUpdateProcessor finish
INFO: {add=[Product 62]} 0 1
Nov 1, 2012 9:26:22 AM org.apache.solr.core.SolrCore execute
INFO: [] webapp=/solr path=/update params={wt=ruby} status=0 QTime=1 
Nov 1, 2012 9:26:22 AM org.apache.solr.update.processor.LogUpdateProcessor finish
INFO: {add=[Product 63]} 0 1
Nov 1, 2012 9:26:22 AM org.apache.solr.core.SolrCore execute
INFO: [] webapp=/solr path=/update params={wt=ruby} status=0 QTime=1 
Nov 1, 2012 9:26:22 AM org.apache.solr.update.processor.LogUpdateProcessor finish
INFO: {add=[Product 64]} 0 1
Nov 1, 2012 9:26:22 AM org.apache.solr.core.SolrCore execute
INFO: [] webapp=/solr path=/update params={wt=ruby} status=0 QTime=1 
Nov 1, 2012 9:26:22 AM org.apache.solr.update.processor.LogUpdateProcessor finish
INFO: {add=[Product 65]} 0 1
Nov 1, 2012 9:26:22 AM org.apache.solr.core.SolrCore execute
INFO: [] webapp=/solr path=/update params={wt=ruby} status=0 QTime=1 
Nov 1, 2012 9:26:22 AM org.apache.solr.update.processor.LogUpdateProcessor finish
INFO: {add=[Product 66]} 0 1
Nov 1, 2012 9:26:22 AM org.apache.solr.core.SolrCore execute
INFO: [] webapp=/solr path=/update params={wt=ruby} status=0 QTime=1 
Nov 1, 2012 9:26:22 AM org.apache.solr.update.processor.LogUpdateProcessor finish
INFO: {add=[Product 67]} 0 1
Nov 1, 2012 9:26:22 AM org.apache.solr.core.SolrCore execute
INFO: [] webapp=/solr path=/update params={wt=ruby} status=0 QTime=1 
Nov 1, 2012 9:26:23 AM org.apache.solr.update.processor.LogUpdateProcessor finish
INFO: {add=[Product 68]} 0 1
Nov 1, 2012 9:26:23 AM org.apache.solr.core.SolrCore execute
INFO: [] webapp=/solr path=/update params={wt=ruby} status=0 QTime=1 
Nov 1, 2012 9:26:23 AM org.apache.solr.update.processor.LogUpdateProcessor finish
INFO: {add=[Product 69]} 0 2
Nov 1, 2012 9:26:23 AM org.apache.solr.core.SolrCore execute
INFO: [] webapp=/solr path=/update params={wt=ruby} status=0 QTime=2 
Nov 1, 2012 9:26:23 AM org.apache.solr.update.processor.LogUpdateProcessor finish
INFO: {add=[Product 70]} 0 1
Nov 1, 2012 9:26:23 AM org.apache.solr.core.SolrCore execute
INFO: [] webapp=/solr path=/update params={wt=ruby} status=0 QTime=1 
Nov 1, 2012 9:26:23 AM org.apache.solr.update.processor.LogUpdateProcessor finish
INFO: {add=[Product 71]} 0 1
Nov 1, 2012 9:26:23 AM org.apache.solr.core.SolrCore execute
INFO: [] webapp=/solr path=/update params={wt=ruby} status=0 QTime=1 
Nov 1, 2012 9:26:23 AM org.apache.solr.update.processor.LogUpdateProcessor finish
INFO: {add=[Product 72]} 0 1
Nov 1, 2012 9:26:23 AM org.apache.solr.core.SolrCore execute
INFO: [] webapp=/solr path=/update params={wt=ruby} status=0 QTime=1 
Nov 1, 2012 9:26:23 AM org.apache.solr.update.processor.LogUpdateProcessor finish
INFO: {add=[Product 73]} 0 1
Nov 1, 2012 9:26:23 AM org.apache.solr.core.SolrCore execute
INFO: [] webapp=/solr path=/update params={wt=ruby} status=0 QTime=1 
Nov 1, 2012 9:26:23 AM org.apache.solr.update.processor.LogUpdateProcessor finish
INFO: {add=[Product 74]} 0 1
Nov 1, 2012 9:26:23 AM org.apache.solr.core.SolrCore execute
INFO: [] webapp=/solr path=/update params={wt=ruby} status=0 QTime=1 
Nov 1, 2012 9:26:23 AM org.apache.solr.update.processor.LogUpdateProcessor finish
INFO: {add=[Product 75]} 0 2
Nov 1, 2012 9:26:23 AM org.apache.solr.core.SolrCore execute
INFO: [] webapp=/solr path=/update params={wt=ruby} status=0 QTime=2 
Nov 1, 2012 9:26:23 AM org.apache.solr.update.processor.LogUpdateProcessor finish
INFO: {add=[Product 76]} 0 1
Nov 1, 2012 9:26:23 AM org.apache.solr.core.SolrCore execute
INFO: [] webapp=/solr path=/update params={wt=ruby} status=0 QTime=1 
Nov 1, 2012 9:26:23 AM org.apache.solr.update.processor.LogUpdateProcessor finish
INFO: {add=[Product 77]} 0 1
Nov 1, 2012 9:26:23 AM org.apache.solr.core.SolrCore execute
INFO: [] webapp=/solr path=/update params={wt=ruby} status=0 QTime=1 
Nov 1, 2012 9:26:23 AM org.apache.solr.update.processor.LogUpdateProcessor finish
INFO: {add=[Product 78]} 0 0
Nov 1, 2012 9:26:23 AM org.apache.solr.core.SolrCore execute
INFO: [] webapp=/solr path=/update params={wt=ruby} status=0 QTime=0 
Nov 1, 2012 9:26:23 AM org.apache.solr.update.processor.LogUpdateProcessor finish
INFO: {add=[Product 79]} 0 1
Nov 1, 2012 9:26:23 AM org.apache.solr.core.SolrCore execute
INFO: [] webapp=/solr path=/update params={wt=ruby} status=0 QTime=1 
Nov 1, 2012 9:26:23 AM org.apache.solr.update.processor.LogUpdateProcessor finish
INFO: {add=[Product 80]} 0 1
Nov 1, 2012 9:26:23 AM org.apache.solr.core.SolrCore execute
INFO: [] webapp=/solr path=/update params={wt=ruby} status=0 QTime=1 
Nov 1, 2012 9:26:23 AM org.apache.solr.update.processor.LogUpdateProcessor finish
INFO: {add=[Product 81]} 0 1
Nov 1, 2012 9:26:23 AM org.apache.solr.core.SolrCore execute
INFO: [] webapp=/solr path=/update params={wt=ruby} status=0 QTime=1 
Nov 1, 2012 9:26:23 AM org.apache.solr.update.processor.LogUpdateProcessor finish
INFO: {add=[Product 82]} 0 1
Nov 1, 2012 9:26:23 AM org.apache.solr.core.SolrCore execute
INFO: [] webapp=/solr path=/update params={wt=ruby} status=0 QTime=1 
Nov 1, 2012 9:26:23 AM org.apache.solr.update.processor.LogUpdateProcessor finish
INFO: {add=[Product 83]} 0 1
Nov 1, 2012 9:26:23 AM org.apache.solr.core.SolrCore execute
INFO: [] webapp=/solr path=/update params={wt=ruby} status=0 QTime=1 
Nov 1, 2012 9:26:23 AM org.apache.solr.update.processor.LogUpdateProcessor finish
INFO: {add=[Product 84]} 0 1
Nov 1, 2012 9:26:23 AM org.apache.solr.core.SolrCore execute
INFO: [] webapp=/solr path=/update params={wt=ruby} status=0 QTime=1 
Nov 1, 2012 9:26:24 AM org.apache.solr.update.processor.LogUpdateProcessor finish
INFO: {add=[Product 85]} 0 1
Nov 1, 2012 9:26:24 AM org.apache.solr.core.SolrCore execute
INFO: [] webapp=/solr path=/update params={wt=ruby} status=0 QTime=1 
Nov 1, 2012 9:26:24 AM org.apache.solr.update.processor.LogUpdateProcessor finish
INFO: {add=[Product 86]} 0 1
Nov 1, 2012 9:26:24 AM org.apache.solr.core.SolrCore execute
INFO: [] webapp=/solr path=/update params={wt=ruby} status=0 QTime=1 
Nov 1, 2012 9:26:24 AM org.apache.solr.update.processor.LogUpdateProcessor finish
INFO: {add=[Product 87]} 0 1
Nov 1, 2012 9:26:24 AM org.apache.solr.core.SolrCore execute
INFO: [] webapp=/solr path=/update params={wt=ruby} status=0 QTime=1 
Nov 1, 2012 9:26:24 AM org.apache.solr.update.processor.LogUpdateProcessor finish
INFO: {add=[Product 88]} 0 1
Nov 1, 2012 9:26:24 AM org.apache.solr.core.SolrCore execute
INFO: [] webapp=/solr path=/update params={wt=ruby} status=0 QTime=1 
Nov 1, 2012 9:26:24 AM org.apache.solr.update.processor.LogUpdateProcessor finish
INFO: {add=[Product 89]} 0 1
Nov 1, 2012 9:26:24 AM org.apache.solr.core.SolrCore execute
INFO: [] webapp=/solr path=/update params={wt=ruby} status=0 QTime=1 
Nov 1, 2012 9:26:24 AM org.apache.solr.update.processor.LogUpdateProcessor finish
INFO: {add=[Product 90]} 0 0
Nov 1, 2012 9:26:24 AM org.apache.solr.core.SolrCore execute
INFO: [] webapp=/solr path=/update params={wt=ruby} status=0 QTime=0 
Nov 1, 2012 9:26:24 AM org.apache.solr.update.processor.LogUpdateProcessor finish
INFO: {add=[Product 91]} 0 1
Nov 1, 2012 9:26:24 AM org.apache.solr.core.SolrCore execute
INFO: [] webapp=/solr path=/update params={wt=ruby} status=0 QTime=1 
Nov 1, 2012 9:26:24 AM org.apache.solr.update.processor.LogUpdateProcessor finish
INFO: {add=[Product 92]} 0 1
Nov 1, 2012 9:26:24 AM org.apache.solr.core.SolrCore execute
INFO: [] webapp=/solr path=/update params={wt=ruby} status=0 QTime=1 
Nov 1, 2012 9:26:24 AM org.apache.solr.update.processor.LogUpdateProcessor finish
INFO: {add=[Product 93]} 0 1
Nov 1, 2012 9:26:24 AM org.apache.solr.core.SolrCore execute
INFO: [] webapp=/solr path=/update params={wt=ruby} status=0 QTime=1 
Nov 1, 2012 9:26:24 AM org.apache.solr.update.processor.LogUpdateProcessor finish
INFO: {add=[Product 94]} 0 1
Nov 1, 2012 9:26:24 AM org.apache.solr.core.SolrCore execute
INFO: [] webapp=/solr path=/update params={wt=ruby} status=0 QTime=1 
Nov 1, 2012 9:26:24 AM org.apache.solr.update.processor.LogUpdateProcessor finish
INFO: {add=[Product 95]} 0 1
Nov 1, 2012 9:26:24 AM org.apache.solr.core.SolrCore execute
INFO: [] webapp=/solr path=/update params={wt=ruby} status=0 QTime=1 
Nov 1, 2012 9:26:24 AM org.apache.solr.update.processor.LogUpdateProcessor finish
INFO: {add=[Product 96]} 0 1
Nov 1, 2012 9:26:24 AM org.apache.solr.core.SolrCore execute
INFO: [] webapp=/solr path=/update params={wt=ruby} status=0 QTime=1 
Nov 1, 2012 9:26:24 AM org.apache.solr.update.processor.LogUpdateProcessor finish
INFO: {add=[Product 97]} 0 1
Nov 1, 2012 9:26:24 AM org.apache.solr.core.SolrCore execute
INFO: [] webapp=/solr path=/update params={wt=ruby} status=0 QTime=1 
Nov 1, 2012 9:26:24 AM org.apache.solr.update.processor.LogUpdateProcessor finish
INFO: {add=[Product 98]} 0 1
Nov 1, 2012 9:26:24 AM org.apache.solr.core.SolrCore execute
INFO: [] webapp=/solr path=/update params={wt=ruby} status=0 QTime=1 
Nov 1, 2012 9:26:24 AM org.apache.solr.update.processor.LogUpdateProcessor finish
INFO: {add=[Product 99]} 0 1
Nov 1, 2012 9:26:24 AM org.apache.solr.core.SolrCore execute
INFO: [] webapp=/solr path=/update params={wt=ruby} status=0 QTime=1 
Nov 1, 2012 9:26:24 AM org.apache.solr.update.processor.LogUpdateProcessor finish
INFO: {add=[Product 100]} 0 1
Nov 1, 2012 9:26:24 AM org.apache.solr.core.SolrCore execute
INFO: [] webapp=/solr path=/update params={wt=ruby} status=0 QTime=1 
Nov 1, 2012 9:26:24 AM org.apache.solr.update.processor.LogUpdateProcessor finish
INFO: {add=[Product 101]} 0 1
Nov 1, 2012 9:26:24 AM org.apache.solr.core.SolrCore execute
INFO: [] webapp=/solr path=/update params={wt=ruby} status=0 QTime=1 
Nov 1, 2012 9:26:25 AM org.apache.solr.update.processor.LogUpdateProcessor finish
INFO: {add=[Product 102]} 0 1
Nov 1, 2012 9:26:25 AM org.apache.solr.core.SolrCore execute
INFO: [] webapp=/solr path=/update params={wt=ruby} status=0 QTime=1 
Nov 1, 2012 9:26:25 AM org.apache.solr.update.processor.LogUpdateProcessor finish
INFO: {add=[Product 103]} 0 1
Nov 1, 2012 9:26:25 AM org.apache.solr.core.SolrCore execute
INFO: [] webapp=/solr path=/update params={wt=ruby} status=0 QTime=1 
Nov 1, 2012 9:26:25 AM org.apache.solr.update.processor.LogUpdateProcessor finish
INFO: {add=[Product 104]} 0 1
Nov 1, 2012 9:26:25 AM org.apache.solr.core.SolrCore execute
INFO: [] webapp=/solr path=/update params={wt=ruby} status=0 QTime=1 
Nov 1, 2012 9:26:25 AM org.apache.solr.update.processor.LogUpdateProcessor finish
INFO: {add=[Product 105]} 0 1
Nov 1, 2012 9:26:25 AM org.apache.solr.core.SolrCore execute
INFO: [] webapp=/solr path=/update params={wt=ruby} status=0 QTime=1 
Nov 1, 2012 9:26:25 AM org.apache.solr.update.processor.LogUpdateProcessor finish
INFO: {add=[Product 106]} 0 1
Nov 1, 2012 9:26:25 AM org.apache.solr.core.SolrCore execute
INFO: [] webapp=/solr path=/update params={wt=ruby} status=0 QTime=1 
Nov 1, 2012 9:26:25 AM org.apache.solr.update.processor.LogUpdateProcessor finish
INFO: {add=[Product 107]} 0 1
Nov 1, 2012 9:26:25 AM org.apache.solr.core.SolrCore execute
INFO: [] webapp=/solr path=/update params={wt=ruby} status=0 QTime=1 
Nov 1, 2012 9:26:25 AM org.apache.solr.update.processor.LogUpdateProcessor finish
INFO: {add=[Product 108]} 0 1
Nov 1, 2012 9:26:25 AM org.apache.solr.core.SolrCore execute
INFO: [] webapp=/solr path=/update params={wt=ruby} status=0 QTime=1 
Nov 1, 2012 9:26:25 AM org.apache.solr.update.processor.LogUpdateProcessor finish
INFO: {add=[Product 109]} 0 1
Nov 1, 2012 9:26:25 AM org.apache.solr.core.SolrCore execute
INFO: [] webapp=/solr path=/update params={wt=ruby} status=0 QTime=1 
Nov 1, 2012 9:26:25 AM org.apache.solr.update.processor.LogUpdateProcessor finish
INFO: {add=[Product 110]} 0 1
Nov 1, 2012 9:26:25 AM org.apache.solr.core.SolrCore execute
INFO: [] webapp=/solr path=/update params={wt=ruby} status=0 QTime=1 
Nov 1, 2012 9:26:25 AM org.apache.solr.update.processor.LogUpdateProcessor finish
INFO: {add=[Product 111]} 0 0
Nov 1, 2012 9:26:25 AM org.apache.solr.core.SolrCore execute
INFO: [] webapp=/solr path=/update params={wt=ruby} status=0 QTime=0 
Nov 1, 2012 9:28:04 AM org.apache.solr.update.processor.LogUpdateProcessor finish
INFO: {add=[Product 112]} 0 1
Nov 1, 2012 9:28:04 AM org.apache.solr.core.SolrCore execute
INFO: [] webapp=/solr path=/update params={wt=ruby} status=0 QTime=1 
Nov 1, 2012 9:28:04 AM org.apache.solr.update.processor.LogUpdateProcessor finish
INFO: {add=[Product 113]} 0 0
Nov 1, 2012 9:28:04 AM org.apache.solr.core.SolrCore execute
INFO: [] webapp=/solr path=/update params={wt=ruby} status=0 QTime=0 
Nov 1, 2012 9:28:04 AM org.apache.solr.update.processor.LogUpdateProcessor finish
INFO: {add=[Product 114]} 0 1
Nov 1, 2012 9:28:04 AM org.apache.solr.core.SolrCore execute
INFO: [] webapp=/solr path=/update params={wt=ruby} status=0 QTime=1 
Nov 1, 2012 9:28:04 AM org.apache.solr.update.processor.LogUpdateProcessor finish
INFO: {add=[Product 115]} 0 1
Nov 1, 2012 9:28:04 AM org.apache.solr.core.SolrCore execute
INFO: [] webapp=/solr path=/update params={wt=ruby} status=0 QTime=1 
Nov 1, 2012 9:28:04 AM org.apache.solr.update.processor.LogUpdateProcessor finish
INFO: {add=[Product 116]} 0 1
Nov 1, 2012 9:28:04 AM org.apache.solr.core.SolrCore execute
INFO: [] webapp=/solr path=/update params={wt=ruby} status=0 QTime=1 
Nov 1, 2012 9:28:04 AM org.apache.solr.update.processor.LogUpdateProcessor finish
INFO: {add=[Product 117]} 0 1
Nov 1, 2012 9:28:04 AM org.apache.solr.core.SolrCore execute
INFO: [] webapp=/solr path=/update params={wt=ruby} status=0 QTime=1 
Nov 1, 2012 9:28:04 AM org.apache.solr.update.processor.LogUpdateProcessor finish
INFO: {add=[Product 118]} 0 1
Nov 1, 2012 9:28:04 AM org.apache.solr.core.SolrCore execute
INFO: [] webapp=/solr path=/update params={wt=ruby} status=0 QTime=1 
Nov 1, 2012 9:28:04 AM org.apache.solr.update.processor.LogUpdateProcessor finish
INFO: {add=[Product 119]} 0 1
Nov 1, 2012 9:28:04 AM org.apache.solr.core.SolrCore execute
INFO: [] webapp=/solr path=/update params={wt=ruby} status=0 QTime=1 
Nov 1, 2012 9:28:04 AM org.apache.solr.update.processor.LogUpdateProcessor finish
INFO: {add=[Product 120]} 0 1
Nov 1, 2012 9:28:04 AM org.apache.solr.core.SolrCore execute
INFO: [] webapp=/solr path=/update params={wt=ruby} status=0 QTime=1 
Nov 1, 2012 9:28:04 AM org.apache.solr.update.processor.LogUpdateProcessor finish
INFO: {add=[Product 121]} 0 1
Nov 1, 2012 9:28:04 AM org.apache.solr.core.SolrCore execute
INFO: [] webapp=/solr path=/update params={wt=ruby} status=0 QTime=1 
Nov 1, 2012 9:28:04 AM org.apache.solr.update.processor.LogUpdateProcessor finish
INFO: {add=[Product 122]} 0 0
Nov 1, 2012 9:28:04 AM org.apache.solr.core.SolrCore execute
INFO: [] webapp=/solr path=/update params={wt=ruby} status=0 QTime=0 
Nov 1, 2012 9:28:04 AM org.apache.solr.update.processor.LogUpdateProcessor finish
INFO: {add=[Product 123]} 0 1
Nov 1, 2012 9:28:04 AM org.apache.solr.core.SolrCore execute
INFO: [] webapp=/solr path=/update params={wt=ruby} status=0 QTime=1 
Nov 1, 2012 9:28:05 AM org.apache.solr.update.processor.LogUpdateProcessor finish
INFO: {add=[Product 124]} 0 1
Nov 1, 2012 9:28:05 AM org.apache.solr.core.SolrCore execute
INFO: [] webapp=/solr path=/update params={wt=ruby} status=0 QTime=1 
Nov 1, 2012 9:28:05 AM org.apache.solr.update.processor.LogUpdateProcessor finish
INFO: {add=[Product 125]} 0 1
Nov 1, 2012 9:28:05 AM org.apache.solr.core.SolrCore execute
INFO: [] webapp=/solr path=/update params={wt=ruby} status=0 QTime=1 
Nov 1, 2012 9:28:05 AM org.apache.solr.update.processor.LogUpdateProcessor finish
INFO: {add=[Product 126]} 0 1
Nov 1, 2012 9:28:05 AM org.apache.solr.core.SolrCore execute
INFO: [] webapp=/solr path=/update params={wt=ruby} status=0 QTime=1 
Nov 1, 2012 9:28:05 AM org.apache.solr.update.processor.LogUpdateProcessor finish
INFO: {add=[Product 127]} 0 1
Nov 1, 2012 9:28:05 AM org.apache.solr.core.SolrCore execute
INFO: [] webapp=/solr path=/update params={wt=ruby} status=0 QTime=1 
Nov 1, 2012 9:28:05 AM org.apache.solr.update.processor.LogUpdateProcessor finish
INFO: {add=[Product 128]} 0 1
Nov 1, 2012 9:28:05 AM org.apache.solr.core.SolrCore execute
INFO: [] webapp=/solr path=/update params={wt=ruby} status=0 QTime=1 
Nov 1, 2012 9:28:05 AM org.apache.solr.update.processor.LogUpdateProcessor finish
INFO: {add=[Product 129]} 0 1
Nov 1, 2012 9:28:05 AM org.apache.solr.core.SolrCore execute
INFO: [] webapp=/solr path=/update params={wt=ruby} status=0 QTime=1 
Nov 1, 2012 9:28:05 AM org.apache.solr.update.processor.LogUpdateProcessor finish
INFO: {add=[Product 130]} 0 1
Nov 1, 2012 9:28:05 AM org.apache.solr.core.SolrCore execute
INFO: [] webapp=/solr path=/update params={wt=ruby} status=0 QTime=1 
Nov 1, 2012 9:28:05 AM org.apache.solr.update.processor.LogUpdateProcessor finish
INFO: {add=[Product 131]} 0 1
Nov 1, 2012 9:28:05 AM org.apache.solr.core.SolrCore execute
INFO: [] webapp=/solr path=/update params={wt=ruby} status=0 QTime=1 
Nov 1, 2012 9:28:05 AM org.apache.solr.update.processor.LogUpdateProcessor finish
INFO: {add=[Product 132]} 0 1
Nov 1, 2012 9:28:05 AM org.apache.solr.core.SolrCore execute
INFO: [] webapp=/solr path=/update params={wt=ruby} status=0 QTime=1 
Nov 1, 2012 9:28:05 AM org.apache.solr.update.processor.LogUpdateProcessor finish
INFO: {add=[Product 133]} 0 0
Nov 1, 2012 9:28:05 AM org.apache.solr.core.SolrCore execute
INFO: [] webapp=/solr path=/update params={wt=ruby} status=0 QTime=0 
Nov 1, 2012 9:28:05 AM org.apache.solr.update.processor.LogUpdateProcessor finish
INFO: {add=[Product 134]} 0 1
Nov 1, 2012 9:28:05 AM org.apache.solr.core.SolrCore execute
INFO: [] webapp=/solr path=/update params={wt=ruby} status=0 QTime=1 
Nov 1, 2012 9:28:05 AM org.apache.solr.update.processor.LogUpdateProcessor finish
INFO: {add=[Product 135]} 0 0
Nov 1, 2012 9:28:05 AM org.apache.solr.core.SolrCore execute
INFO: [] webapp=/solr path=/update params={wt=ruby} status=0 QTime=0 
Nov 1, 2012 9:28:05 AM org.apache.solr.update.processor.LogUpdateProcessor finish
INFO: {add=[Product 136]} 0 1
Nov 1, 2012 9:28:05 AM org.apache.solr.core.SolrCore execute
INFO: [] webapp=/solr path=/update params={wt=ruby} status=0 QTime=1 
Nov 1, 2012 9:28:05 AM org.apache.solr.update.processor.LogUpdateProcessor finish
INFO: {add=[Product 137]} 0 1
Nov 1, 2012 9:28:05 AM org.apache.solr.core.SolrCore execute
INFO: [] webapp=/solr path=/update params={wt=ruby} status=0 QTime=1 
Nov 1, 2012 9:28:05 AM org.apache.solr.update.processor.LogUpdateProcessor finish
INFO: {add=[Product 138]} 0 0
Nov 1, 2012 9:28:05 AM org.apache.solr.core.SolrCore execute
INFO: [] webapp=/solr path=/update params={wt=ruby} status=0 QTime=0 
Nov 1, 2012 9:28:05 AM org.apache.solr.update.processor.LogUpdateProcessor finish
INFO: {add=[Product 139]} 0 0
Nov 1, 2012 9:28:05 AM org.apache.solr.core.SolrCore execute
INFO: [] webapp=/solr path=/update params={wt=ruby} status=0 QTime=0 
Nov 1, 2012 9:28:05 AM org.apache.solr.update.processor.LogUpdateProcessor finish
INFO: {add=[Product 140]} 0 1
Nov 1, 2012 9:28:05 AM org.apache.solr.core.SolrCore execute
INFO: [] webapp=/solr path=/update params={wt=ruby} status=0 QTime=1 
Nov 1, 2012 9:28:05 AM org.apache.solr.update.processor.LogUpdateProcessor finish
INFO: {add=[Product 141]} 0 1
Nov 1, 2012 9:28:05 AM org.apache.solr.core.SolrCore execute
INFO: [] webapp=/solr path=/update params={wt=ruby} status=0 QTime=1 
Nov 1, 2012 9:28:06 AM org.apache.solr.update.processor.LogUpdateProcessor finish
INFO: {add=[Product 142]} 0 1
Nov 1, 2012 9:28:06 AM org.apache.solr.core.SolrCore execute
INFO: [] webapp=/solr path=/update params={wt=ruby} status=0 QTime=1 
Nov 1, 2012 9:28:06 AM org.apache.solr.update.processor.LogUpdateProcessor finish
INFO: {add=[Product 143]} 0 1
Nov 1, 2012 9:28:06 AM org.apache.solr.core.SolrCore execute
INFO: [] webapp=/solr path=/update params={wt=ruby} status=0 QTime=1 
Nov 1, 2012 9:28:06 AM org.apache.solr.update.processor.LogUpdateProcessor finish
INFO: {add=[Product 144]} 0 0
Nov 1, 2012 9:28:06 AM org.apache.solr.core.SolrCore execute
INFO: [] webapp=/solr path=/update params={wt=ruby} status=0 QTime=0 
Nov 1, 2012 9:28:06 AM org.apache.solr.update.processor.LogUpdateProcessor finish
INFO: {add=[Product 145]} 0 1
Nov 1, 2012 9:28:06 AM org.apache.solr.core.SolrCore execute
INFO: [] webapp=/solr path=/update params={wt=ruby} status=0 QTime=1 
Nov 1, 2012 9:28:06 AM org.apache.solr.update.processor.LogUpdateProcessor finish
INFO: {add=[Product 146]} 0 1
Nov 1, 2012 9:28:06 AM org.apache.solr.core.SolrCore execute
INFO: [] webapp=/solr path=/update params={wt=ruby} status=0 QTime=1 
Nov 1, 2012 9:28:06 AM org.apache.solr.update.processor.LogUpdateProcessor finish
INFO: {add=[Product 147]} 0 1
Nov 1, 2012 9:28:06 AM org.apache.solr.core.SolrCore execute
INFO: [] webapp=/solr path=/update params={wt=ruby} status=0 QTime=1 
Nov 1, 2012 9:28:06 AM org.apache.solr.update.processor.LogUpdateProcessor finish
INFO: {add=[Product 148]} 0 1
Nov 1, 2012 9:28:06 AM org.apache.solr.core.SolrCore execute
INFO: [] webapp=/solr path=/update params={wt=ruby} status=0 QTime=1 
Nov 1, 2012 9:28:06 AM org.apache.solr.update.processor.LogUpdateProcessor finish
INFO: {add=[Product 149]} 0 1
Nov 1, 2012 9:28:06 AM org.apache.solr.core.SolrCore execute
INFO: [] webapp=/solr path=/update params={wt=ruby} status=0 QTime=1 
Nov 1, 2012 9:28:06 AM org.apache.solr.update.processor.LogUpdateProcessor finish
INFO: {add=[Product 150]} 0 0
Nov 1, 2012 9:28:06 AM org.apache.solr.core.SolrCore execute
INFO: [] webapp=/solr path=/update params={wt=ruby} status=0 QTime=0 
Nov 1, 2012 9:28:06 AM org.apache.solr.update.processor.LogUpdateProcessor finish
INFO: {add=[Product 151]} 0 1
Nov 1, 2012 9:28:06 AM org.apache.solr.core.SolrCore execute
INFO: [] webapp=/solr path=/update params={wt=ruby} status=0 QTime=1 
Nov 1, 2012 9:28:06 AM org.apache.solr.update.processor.LogUpdateProcessor finish
INFO: {add=[Product 152]} 0 1
Nov 1, 2012 9:28:06 AM org.apache.solr.core.SolrCore execute
INFO: [] webapp=/solr path=/update params={wt=ruby} status=0 QTime=1 
Nov 1, 2012 9:28:06 AM org.apache.solr.update.processor.LogUpdateProcessor finish
INFO: {add=[Product 153]} 0 1
Nov 1, 2012 9:28:06 AM org.apache.solr.core.SolrCore execute
INFO: [] webapp=/solr path=/update params={wt=ruby} status=0 QTime=1 
Nov 1, 2012 9:28:06 AM org.apache.solr.update.processor.LogUpdateProcessor finish
INFO: {add=[Product 154]} 0 1
Nov 1, 2012 9:28:06 AM org.apache.solr.core.SolrCore execute
INFO: [] webapp=/solr path=/update params={wt=ruby} status=0 QTime=1 
Nov 1, 2012 9:28:06 AM org.apache.solr.update.processor.LogUpdateProcessor finish
INFO: {add=[Product 155]} 0 1
Nov 1, 2012 9:28:06 AM org.apache.solr.core.SolrCore execute
INFO: [] webapp=/solr path=/update params={wt=ruby} status=0 QTime=1 
Nov 1, 2012 9:28:06 AM org.apache.solr.update.processor.LogUpdateProcessor finish
INFO: {add=[Product 156]} 0 1
Nov 1, 2012 9:28:06 AM org.apache.solr.core.SolrCore execute
INFO: [] webapp=/solr path=/update params={wt=ruby} status=0 QTime=1 
Nov 1, 2012 9:28:06 AM org.apache.solr.update.processor.LogUpdateProcessor finish
INFO: {add=[Product 157]} 0 0
Nov 1, 2012 9:28:06 AM org.apache.solr.core.SolrCore execute
INFO: [] webapp=/solr path=/update params={wt=ruby} status=0 QTime=0 
Nov 1, 2012 9:28:06 AM org.apache.solr.update.processor.LogUpdateProcessor finish
INFO: {add=[Product 158]} 0 0
Nov 1, 2012 9:28:06 AM org.apache.solr.core.SolrCore execute
INFO: [] webapp=/solr path=/update params={wt=ruby} status=0 QTime=0 
Nov 1, 2012 9:28:07 AM org.apache.solr.update.processor.LogUpdateProcessor finish
INFO: {add=[Product 159]} 0 1
Nov 1, 2012 9:28:07 AM org.apache.solr.core.SolrCore execute
INFO: [] webapp=/solr path=/update params={wt=ruby} status=0 QTime=1 
Nov 1, 2012 9:28:07 AM org.apache.solr.update.processor.LogUpdateProcessor finish
INFO: {add=[Product 160]} 0 1
Nov 1, 2012 9:28:07 AM org.apache.solr.core.SolrCore execute
INFO: [] webapp=/solr path=/update params={wt=ruby} status=0 QTime=1 
Nov 1, 2012 9:28:07 AM org.apache.solr.update.processor.LogUpdateProcessor finish
INFO: {add=[Product 161]} 0 1
Nov 1, 2012 9:28:07 AM org.apache.solr.core.SolrCore execute
INFO: [] webapp=/solr path=/update params={wt=ruby} status=0 QTime=1 
Nov 1, 2012 9:28:27 AM org.apache.solr.update.processor.LogUpdateProcessor finish
INFO: {add=[Product 162]} 0 1
Nov 1, 2012 9:28:27 AM org.apache.solr.core.SolrCore execute
INFO: [] webapp=/solr path=/update params={wt=ruby} status=0 QTime=1 
Nov 1, 2012 9:28:27 AM org.apache.solr.update.processor.LogUpdateProcessor finish
INFO: {add=[Product 163]} 0 1
Nov 1, 2012 9:28:27 AM org.apache.solr.core.SolrCore execute
INFO: [] webapp=/solr path=/update params={wt=ruby} status=0 QTime=1 
Nov 1, 2012 9:28:27 AM org.apache.solr.update.processor.LogUpdateProcessor finish
INFO: {add=[Product 164]} 0 1
Nov 1, 2012 9:28:27 AM org.apache.solr.core.SolrCore execute
INFO: [] webapp=/solr path=/update params={wt=ruby} status=0 QTime=1 
Nov 1, 2012 9:28:27 AM org.apache.solr.update.processor.LogUpdateProcessor finish
INFO: {add=[Product 165]} 0 1
Nov 1, 2012 9:28:27 AM org.apache.solr.core.SolrCore execute
INFO: [] webapp=/solr path=/update params={wt=ruby} status=0 QTime=1 
Nov 1, 2012 9:28:27 AM org.apache.solr.update.processor.LogUpdateProcessor finish
INFO: {add=[Product 166]} 0 1
Nov 1, 2012 9:28:27 AM org.apache.solr.core.SolrCore execute
INFO: [] webapp=/solr path=/update params={wt=ruby} status=0 QTime=1 
Nov 1, 2012 9:28:27 AM org.apache.solr.update.processor.LogUpdateProcessor finish
INFO: {add=[Product 167]} 0 1
Nov 1, 2012 9:28:27 AM org.apache.solr.core.SolrCore execute
INFO: [] webapp=/solr path=/update params={wt=ruby} status=0 QTime=1 
Nov 1, 2012 9:28:27 AM org.apache.solr.update.processor.LogUpdateProcessor finish
INFO: {add=[Product 168]} 0 1
Nov 1, 2012 9:28:27 AM org.apache.solr.core.SolrCore execute
INFO: [] webapp=/solr path=/update params={wt=ruby} status=0 QTime=1 
Nov 1, 2012 9:28:27 AM org.apache.solr.update.processor.LogUpdateProcessor finish
INFO: {add=[Product 169]} 0 1
Nov 1, 2012 9:28:27 AM org.apache.solr.core.SolrCore execute
INFO: [] webapp=/solr path=/update params={wt=ruby} status=0 QTime=1 
Nov 1, 2012 9:28:27 AM org.apache.solr.update.processor.LogUpdateProcessor finish
INFO: {add=[Product 170]} 0 0
Nov 1, 2012 9:28:27 AM org.apache.solr.core.SolrCore execute
INFO: [] webapp=/solr path=/update params={wt=ruby} status=0 QTime=0 
Nov 1, 2012 9:28:27 AM org.apache.solr.update.processor.LogUpdateProcessor finish
INFO: {add=[Product 171]} 0 1
Nov 1, 2012 9:28:27 AM org.apache.solr.core.SolrCore execute
INFO: [] webapp=/solr path=/update params={wt=ruby} status=0 QTime=1 
Nov 1, 2012 9:28:27 AM org.apache.solr.update.processor.LogUpdateProcessor finish
INFO: {add=[Product 172]} 0 1
Nov 1, 2012 9:28:27 AM org.apache.solr.core.SolrCore execute
INFO: [] webapp=/solr path=/update params={wt=ruby} status=0 QTime=1 
Nov 1, 2012 9:28:27 AM org.apache.solr.update.processor.LogUpdateProcessor finish
INFO: {add=[Product 173]} 0 1
Nov 1, 2012 9:28:27 AM org.apache.solr.core.SolrCore execute
INFO: [] webapp=/solr path=/update params={wt=ruby} status=0 QTime=1 
Nov 1, 2012 9:28:28 AM org.apache.solr.update.processor.LogUpdateProcessor finish
INFO: {add=[Product 174]} 0 0
Nov 1, 2012 9:28:28 AM org.apache.solr.core.SolrCore execute
INFO: [] webapp=/solr path=/update params={wt=ruby} status=0 QTime=0 
Nov 1, 2012 9:28:28 AM org.apache.solr.update.processor.LogUpdateProcessor finish
INFO: {add=[Product 175]} 0 1
Nov 1, 2012 9:28:28 AM org.apache.solr.core.SolrCore execute
INFO: [] webapp=/solr path=/update params={wt=ruby} status=0 QTime=1 
Nov 1, 2012 9:28:28 AM org.apache.solr.update.processor.LogUpdateProcessor finish
INFO: {add=[Product 176]} 0 0
Nov 1, 2012 9:28:28 AM org.apache.solr.core.SolrCore execute
INFO: [] webapp=/solr path=/update params={wt=ruby} status=0 QTime=0 
Nov 1, 2012 9:28:28 AM org.apache.solr.update.processor.LogUpdateProcessor finish
INFO: {add=[Product 177]} 0 1
Nov 1, 2012 9:28:28 AM org.apache.solr.core.SolrCore execute
INFO: [] webapp=/solr path=/update params={wt=ruby} status=0 QTime=1 
Nov 1, 2012 9:28:28 AM org.apache.solr.update.processor.LogUpdateProcessor finish
INFO: {add=[Product 178]} 0 1
Nov 1, 2012 9:28:28 AM org.apache.solr.core.SolrCore execute
INFO: [] webapp=/solr path=/update params={wt=ruby} status=0 QTime=1 
Nov 1, 2012 9:28:28 AM org.apache.solr.update.processor.LogUpdateProcessor finish
INFO: {add=[Product 179]} 0 1
Nov 1, 2012 9:28:28 AM org.apache.solr.core.SolrCore execute
INFO: [] webapp=/solr path=/update params={wt=ruby} status=0 QTime=1 
Nov 1, 2012 9:28:28 AM org.apache.solr.update.processor.LogUpdateProcessor finish
INFO: {add=[Product 180]} 0 1
Nov 1, 2012 9:28:28 AM org.apache.solr.core.SolrCore execute
INFO: [] webapp=/solr path=/update params={wt=ruby} status=0 QTime=1 
Nov 1, 2012 9:28:28 AM org.apache.solr.update.processor.LogUpdateProcessor finish
INFO: {add=[Product 181]} 0 1
Nov 1, 2012 9:28:28 AM org.apache.solr.core.SolrCore execute
INFO: [] webapp=/solr path=/update params={wt=ruby} status=0 QTime=1 
Nov 1, 2012 9:28:28 AM org.apache.solr.update.processor.LogUpdateProcessor finish
INFO: {add=[Product 182]} 0 1
Nov 1, 2012 9:28:28 AM org.apache.solr.core.SolrCore execute
INFO: [] webapp=/solr path=/update params={wt=ruby} status=0 QTime=1 
Nov 1, 2012 9:28:28 AM org.apache.solr.update.processor.LogUpdateProcessor finish
INFO: {add=[Product 183]} 0 1
Nov 1, 2012 9:28:28 AM org.apache.solr.core.SolrCore execute
INFO: [] webapp=/solr path=/update params={wt=ruby} status=0 QTime=1 
Nov 1, 2012 9:28:28 AM org.apache.solr.update.processor.LogUpdateProcessor finish
INFO: {add=[Product 184]} 0 1
Nov 1, 2012 9:28:28 AM org.apache.solr.core.SolrCore execute
INFO: [] webapp=/solr path=/update params={wt=ruby} status=0 QTime=1 
Nov 1, 2012 9:28:28 AM org.apache.solr.update.processor.LogUpdateProcessor finish
INFO: {add=[Product 185]} 0 1
Nov 1, 2012 9:28:28 AM org.apache.solr.core.SolrCore execute
INFO: [] webapp=/solr path=/update params={wt=ruby} status=0 QTime=1 
Nov 1, 2012 9:28:28 AM org.apache.solr.update.processor.LogUpdateProcessor finish
INFO: {add=[Product 186]} 0 1
Nov 1, 2012 9:28:28 AM org.apache.solr.core.SolrCore execute
INFO: [] webapp=/solr path=/update params={wt=ruby} status=0 QTime=1 
Nov 1, 2012 9:28:28 AM org.apache.solr.update.processor.LogUpdateProcessor finish
INFO: {add=[Product 187]} 0 1
Nov 1, 2012 9:28:28 AM org.apache.solr.core.SolrCore execute
INFO: [] webapp=/solr path=/update params={wt=ruby} status=0 QTime=1 
Nov 1, 2012 9:28:28 AM org.apache.solr.update.processor.LogUpdateProcessor finish
INFO: {add=[Product 188]} 0 1
Nov 1, 2012 9:28:28 AM org.apache.solr.core.SolrCore execute
INFO: [] webapp=/solr path=/update params={wt=ruby} status=0 QTime=1 
Nov 1, 2012 9:28:28 AM org.apache.solr.update.processor.LogUpdateProcessor finish
INFO: {add=[Product 189]} 0 0
Nov 1, 2012 9:28:28 AM org.apache.solr.core.SolrCore execute
INFO: [] webapp=/solr path=/update params={wt=ruby} status=0 QTime=0 
Nov 1, 2012 9:28:28 AM org.apache.solr.update.processor.LogUpdateProcessor finish
INFO: {add=[Product 190]} 0 1
Nov 1, 2012 9:28:28 AM org.apache.solr.core.SolrCore execute
INFO: [] webapp=/solr path=/update params={wt=ruby} status=0 QTime=1 
Nov 1, 2012 9:28:29 AM org.apache.solr.update.processor.LogUpdateProcessor finish
INFO: {add=[Product 191]} 0 0
Nov 1, 2012 9:28:29 AM org.apache.solr.core.SolrCore execute
INFO: [] webapp=/solr path=/update params={wt=ruby} status=0 QTime=0 
Nov 1, 2012 9:28:29 AM org.apache.solr.update.processor.LogUpdateProcessor finish
INFO: {add=[Product 192]} 0 0
Nov 1, 2012 9:28:29 AM org.apache.solr.core.SolrCore execute
INFO: [] webapp=/solr path=/update params={wt=ruby} status=0 QTime=0 
Nov 1, 2012 9:28:29 AM org.apache.solr.update.processor.LogUpdateProcessor finish
INFO: {add=[Product 193]} 0 0
Nov 1, 2012 9:28:29 AM org.apache.solr.core.SolrCore execute
INFO: [] webapp=/solr path=/update params={wt=ruby} status=0 QTime=0 
Nov 1, 2012 9:28:29 AM org.apache.solr.update.processor.LogUpdateProcessor finish
INFO: {add=[Product 194]} 0 1
Nov 1, 2012 9:28:29 AM org.apache.solr.core.SolrCore execute
INFO: [] webapp=/solr path=/update params={wt=ruby} status=0 QTime=1 
Nov 1, 2012 9:28:29 AM org.apache.solr.update.processor.LogUpdateProcessor finish
INFO: {add=[Product 195]} 0 1
Nov 1, 2012 9:28:29 AM org.apache.solr.core.SolrCore execute
INFO: [] webapp=/solr path=/update params={wt=ruby} status=0 QTime=1 
Nov 1, 2012 9:28:29 AM org.apache.solr.update.processor.LogUpdateProcessor finish
INFO: {add=[Product 196]} 0 1
Nov 1, 2012 9:28:29 AM org.apache.solr.core.SolrCore execute
INFO: [] webapp=/solr path=/update params={wt=ruby} status=0 QTime=1 
Nov 1, 2012 9:28:29 AM org.apache.solr.update.processor.LogUpdateProcessor finish
INFO: {add=[Product 197]} 0 1
Nov 1, 2012 9:28:29 AM org.apache.solr.core.SolrCore execute
INFO: [] webapp=/solr path=/update params={wt=ruby} status=0 QTime=1 
Nov 1, 2012 9:28:29 AM org.apache.solr.update.processor.LogUpdateProcessor finish
INFO: {add=[Product 198]} 0 1
Nov 1, 2012 9:28:29 AM org.apache.solr.core.SolrCore execute
INFO: [] webapp=/solr path=/update params={wt=ruby} status=0 QTime=1 
Nov 1, 2012 9:28:29 AM org.apache.solr.update.processor.LogUpdateProcessor finish
INFO: {add=[Product 199]} 0 1
Nov 1, 2012 9:28:29 AM org.apache.solr.core.SolrCore execute
INFO: [] webapp=/solr path=/update params={wt=ruby} status=0 QTime=1 
Nov 1, 2012 9:28:29 AM org.apache.solr.update.processor.LogUpdateProcessor finish
INFO: {add=[Product 200]} 0 0
Nov 1, 2012 9:28:29 AM org.apache.solr.core.SolrCore execute
INFO: [] webapp=/solr path=/update params={wt=ruby} status=0 QTime=0 
Nov 1, 2012 9:28:29 AM org.apache.solr.update.processor.LogUpdateProcessor finish
INFO: {add=[Product 201]} 0 1
Nov 1, 2012 9:28:29 AM org.apache.solr.core.SolrCore execute
INFO: [] webapp=/solr path=/update params={wt=ruby} status=0 QTime=1 
Nov 1, 2012 9:28:29 AM org.apache.solr.update.processor.LogUpdateProcessor finish
INFO: {add=[Product 202]} 0 0
Nov 1, 2012 9:28:29 AM org.apache.solr.core.SolrCore execute
INFO: [] webapp=/solr path=/update params={wt=ruby} status=0 QTime=0 
Nov 1, 2012 9:28:29 AM org.apache.solr.update.processor.LogUpdateProcessor finish
INFO: {add=[Product 203]} 0 1
Nov 1, 2012 9:28:29 AM org.apache.solr.core.SolrCore execute
INFO: [] webapp=/solr path=/update params={wt=ruby} status=0 QTime=1 
Nov 1, 2012 9:28:30 AM org.apache.solr.update.processor.LogUpdateProcessor finish
INFO: {add=[Product 204]} 0 1
Nov 1, 2012 9:28:30 AM org.apache.solr.core.SolrCore execute
INFO: [] webapp=/solr path=/update params={wt=ruby} status=0 QTime=1 
Nov 1, 2012 9:28:30 AM org.apache.solr.update.processor.LogUpdateProcessor finish
INFO: {add=[Product 205]} 0 1
Nov 1, 2012 9:28:30 AM org.apache.solr.core.SolrCore execute
INFO: [] webapp=/solr path=/update params={wt=ruby} status=0 QTime=1 
Nov 1, 2012 9:28:30 AM org.apache.solr.update.processor.LogUpdateProcessor finish
INFO: {add=[Product 206]} 0 0
Nov 1, 2012 9:28:30 AM org.apache.solr.core.SolrCore execute
INFO: [] webapp=/solr path=/update params={wt=ruby} status=0 QTime=0 
Nov 1, 2012 9:28:30 AM org.apache.solr.update.processor.LogUpdateProcessor finish
INFO: {add=[Product 207]} 0 1
Nov 1, 2012 9:28:30 AM org.apache.solr.core.SolrCore execute
INFO: [] webapp=/solr path=/update params={wt=ruby} status=0 QTime=1 
Nov 1, 2012 9:28:30 AM org.apache.solr.update.processor.LogUpdateProcessor finish
INFO: {add=[Product 208]} 0 1
Nov 1, 2012 9:28:30 AM org.apache.solr.core.SolrCore execute
INFO: [] webapp=/solr path=/update params={wt=ruby} status=0 QTime=1 
Nov 1, 2012 9:28:30 AM org.apache.solr.update.processor.LogUpdateProcessor finish
INFO: {add=[Product 209]} 0 1
Nov 1, 2012 9:28:30 AM org.apache.solr.core.SolrCore execute
INFO: [] webapp=/solr path=/update params={wt=ruby} status=0 QTime=1 
Nov 1, 2012 9:28:30 AM org.apache.solr.update.processor.LogUpdateProcessor finish
INFO: {add=[Product 210]} 0 1
Nov 1, 2012 9:28:30 AM org.apache.solr.core.SolrCore execute
INFO: [] webapp=/solr path=/update params={wt=ruby} status=0 QTime=1 
Nov 1, 2012 9:28:30 AM org.apache.solr.update.processor.LogUpdateProcessor finish
INFO: {add=[Product 211]} 0 1
Nov 1, 2012 9:28:30 AM org.apache.solr.core.SolrCore execute
INFO: [] webapp=/solr path=/update params={wt=ruby} status=0 QTime=1 
